p/1635499499964.png 1 0 0 64 64
p/1635499499960.png 1 0 0 64 64
p/1635499499961.png 1 0 0 64 64
p/1635499499962.png 1 0 0 64 64
p/1635499499963.png 1 0 0 64 64
p/17.png 1 0 0 64 64
p/2716.png 1 0 0 64 64
p/2717.png 1 0 0 64 64
p/2718.png 1 0 0 64 64
p/2719.png 1 0 0 64 64
p/2720.png 1 0 0 64 64
p/2721.png 1 0 0 64 64
p/2722.png 1 0 0 64 64
p/2723.png 1 0 0 64 64
p/2724.png 1 0 0 64 64
p/2725.png 1 0 0 64 64
p/2726.png 1 0 0 64 64
p/2727.png 1 0 0 64 64
p/2728.png 1 0 0 64 64
p/2729.png 1 0 0 64 64
p/2730.png 1 0 0 64 64
p/2731.png 1 0 0 64 64
p/2732.png 1 0 0 64 64
p/2733.png 1 0 0 64 64
p/2734.png 1 0 0 64 64
p/2735.png 1 0 0 64 64
p/2736.png 1 0 0 64 64
p/2737.png 1 0 0 64 64
p/2738.png 1 0 0 64 64
p/2739.png 1 0 0 64 64
p/2740.png 1 0 0 64 64
p/2741.png 1 0 0 64 64
p/2742.png 1 0 0 64 64
p/2743.png 1 0 0 64 64
p/2744.png 1 0 0 64 64
p/2745.png 1 0 0 64 64
p/2746.png 1 0 0 64 64
p/2747.png 1 0 0 64 64
p/2748.png 1 0 0 64 64
p/2749.png 1 0 0 64 64
p/2750.png 1 0 0 64 64
p/2751.png 1 0 0 64 64
p/2752.png 1 0 0 64 64
p/2753.png 1 0 0 64 64
p/2754.png 1 0 0 64 64
p/2755.png 1 0 0 64 64
p/2756.png 1 0 0 64 64
p/2757.png 1 0 0 64 64
p/2758.png 1 0 0 64 64
p/2759.png 1 0 0 64 64
p/2760.png 1 0 0 64 64
p/2761.png 1 0 0 64 64
p/2762.png 1 0 0 64 64
p/2763.png 1 0 0 64 64
p/2764.png 1 0 0 64 64
p/2765.png 1 0 0 64 64
p/2766.png 1 0 0 64 64
p/2767.png 1 0 0 64 64
p/2768.png 1 0 0 64 64
p/2769.png 1 0 0 64 64
p/2770.png 1 0 0 64 64
p/2771.png 1 0 0 64 64
p/2772.png 1 0 0 64 64
p/2773.png 1 0 0 64 64
p/2774.png 1 0 0 64 64
p/2775.png 1 0 0 64 64
p/2776.png 1 0 0 64 64
p/2777.png 1 0 0 64 64
p/2778.png 1 0 0 64 64
p/2779.png 1 0 0 64 64
p/2780.png 1 0 0 64 64
p/2781.png 1 0 0 64 64
p/2782.png 1 0 0 64 64
p/2783.png 1 0 0 64 64
p/2784.png 1 0 0 64 64
p/2785.png 1 0 0 64 64
p/2786.png 1 0 0 64 64
p/2787.png 1 0 0 64 64
p/2797.png 1 0 0 64 64
p/2798.png 1 0 0 64 64
p/2799.png 1 0 0 64 64
p/2809.png 1 0 0 64 64
p/2810.png 1 0 0 64 64
p/2811.png 1 0 0 64 64
p/2821.png 1 0 0 64 64
p/2822.png 1 0 0 64 64
p/2823.png 1 0 0 64 64
p/2833.png 1 0 0 64 64
p/2834.png 1 0 0 64 64
p/2835.png 1 0 0 64 64
p/2845.png 1 0 0 64 64